2020-10-12 17:19:51,345:WARNING:discord.client: PyNaCl is not installed, voice will NOT be supported
2020-10-12 17:19:51,346:DEBUG:discord.client: on_ready has successfully been registered as an event
2020-10-12 17:19:51,348:INFO:discord.client: logging in using static token
2020-10-12 17:19:51,505:DEBUG:discord.http: GET https://discord.com/api/v7/users/@me with None has returned 200
2020-10-12 17:19:51,505:DEBUG:discord.http: GET https://discord.com/api/v7/users/@me has received {'id': '765233309155328092', 'username': 'pybot', 'avatar': None, 'discriminator': '1126', 'public_flags': 0, 'flags': 0, 'bot': True, 'email': None, 'verified': True, 'locale': 'en-US', 'mfa_enabled': True}
2020-10-12 17:19:51,518:DEBUG:discord.http: GET https://discord.com/api/v7/gateway with None has returned 200
2020-10-12 17:19:51,518:DEBUG:discord.http: GET https://discord.com/api/v7/gateway has received {'url': 'wss://gateway.discord.gg'}
2020-10-12 17:19:51,563:DEBUG:discord.gateway: Created websocket connected to wss://gateway.discord.gg?encoding=json&v=6&compress=zlib-stream
2020-10-12 17:19:51,564:DEBUG:discord.client: Dispatching event socket_raw_receive
2020-10-12 17:19:51,564:DEBUG:discord.gateway: For Shard ID None: WebSocket Event: {'t': None, 's': None, 'op': 10, 'd': {'heartbeat_interval': 41250, '_trace': ['["gateway-prd-main-rhhv",{"micros":0.0}]']}}
2020-10-12 17:19:51,564:DEBUG:discord.client: Dispatching event socket_response
2020-10-12 17:19:51,565:DEBUG:discord.client: Dispatching event socket_raw_send
2020-10-12 17:19:51,566:DEBUG:discord.client: Dispatching event socket_raw_send
2020-10-12 17:19:51,566:INFO:discord.gateway: Shard ID None has sent the IDENTIFY payload.
2020-10-12 17:19:51,585:DEBUG:discord.client: Dispatching event socket_raw_receive
2020-10-12 17:19:51,585:DEBUG:discord.gateway: For Shard ID None: WebSocket Event: {'t': None, 's': None, 'op': 11, 'd': None}
2020-10-12 17:19:51,585:DEBUG:discord.client: Dispatching event socket_response
2020-10-12 17:19:51,648:DEBUG:discord.client: Dispatching event socket_raw_receive
2020-10-12 17:19:51,649:DEBUG:discord.gateway: For Shard ID None: WebSocket Event: {'t': 'READY', 's': 1, 'op': 0, 'd': {'v': 6, 'user_settings': {}, 'user': {'verified': True, 'username': 'pybot', 'mfa_enabled': True, 'id': '765233309155328092', 'flags': 0, 'email': None, 'discriminator': '1126', 'bot': True, 'avatar': None}, 'session_id': '4e265e8dc7db8611ed6afc5dc15de6e9', 'relationships': [], 'private_channels': [], 'presences': [], 'guilds': [{'unavailable': True, 'id': '765234309409406976'}, {'unavailable': True, 'id': '765240780641665074'}], 'application': {'id': '765233309155328092', 'flags': 0}, '_trace': ['["gateway-prd-main-rhhv",{"micros":63759,"calls":["discord-sessions-prd-1-64",{"micros":61400,"calls":["start_session",{"micros":51178,"calls":["api-prd-main-9lbv",{"micros":47042,"calls":["get_user",{"micros":2094},"add_authorized_ip",{"micros":7625},"get_guilds",{"micros":5747},"coros_wait",{"micros":1}]}]},"guilds_connect",{"micros":1,"calls":[]},"presence_connect",{"micros":8903,"calls":[]}]}]}]']}}
2020-10-12 17:19:51,650:DEBUG:discord.client: Dispatching event socket_response
2020-10-12 17:19:51,651:INFO:discord.gateway: Shard ID None has connected to Gateway: ["gateway-prd-main-rhhv",{"micros":63759,"calls":["discord-sessions-prd-1-64",{"micros":61400,"calls":["start_session",{"micros":51178,"calls":["api-prd-main-9lbv",{"micros":47042,"calls":["get_user",{"micros":2094},"add_authorized_ip",{"micros":7625},"get_guilds",{"micros":5747},"coros_wait",{"micros":1}]}]},"guilds_connect",{"micros":1,"calls":[]},"presence_connect",{"micros":8903,"calls":[]}]}]}] (Session ID: 4e265e8dc7db8611ed6afc5dc15de6e9).
2020-10-12 17:19:51,663:DEBUG:discord.client: Dispatching event connect
2020-10-12 17:19:51,663:DEBUG:discord.client: Dispatching event socket_raw_receive
2020-10-12 17:19:51,664:DEBUG:discord.gateway: For Shard ID None: WebSocket Event: {'t': 'GUILD_CREATE', 's': 2, 'op': 0, 'd': {'description': None, 'banner': None, 'discovery_splash': None, 'unavailable': False, 'verification_level': 0, 'lazy': True, 'large': False, 'splash': None, 'premium_subscription_count': 0, 'region': 'europe', 'rules_channel_id': None, 'application_id': None, 'max_video_channel_users': 25, 'premium_tier': 0, 'system_channel_flags': 0, 'max_members': 100000, 'roles': [{'position': 0, 'permissions_new': '104320577', 'permissions': 104320577, 'name': '@everyone', 'mentionable': False, 'managed': False, 'id': '765240780641665074', 'hoist': False, 'color': 0}, {'tags': {'bot_id': '765233309155328092'}, 'position': 1, 'permissions_new': '2146958847', 'permissions': 2146958847, 'name': 'pybot', 'mentionable': False, 'managed': True, 'id': '765241012297400325', 'hoist': False, 'color': 0}], 'features': [], 'joined_at': '2020-10-12T15:54:34.937000+00:00', 'name': 'Server von mectag2', 'icon': None, 'emojis': [], 'owner_id': '215080717560971264', 'presences': [], 'vanity_url_code': None, 'members': [{'user': {'username': 'pybot', 'id': '765233309155328092', 'discriminator': '1126', 'bot': True, 'avatar': None}, 'roles': ['765241012297400325'], 'mute': False, 'joined_at': '2020-10-12T15:54:34.937000+00:00', 'hoisted_role': None, 'deaf': False}], 'afk_channel_id': None, 'voice_states': [], 'member_count': 2, 'preferred_locale': 'en-US', 'channels': [{'type': 4, 'position': 0, 'permission_overwrites': [], 'name': 'Textkan채le', 'id': '765240780641665075'}, {'type': 4, 'position': 0, 'permission_overwrites': [], 'name': 'Sprachkan채le', 'id': '765240780641665076'}, {'type': 0, 'topic': None, 'rate_limit_per_user': 0, 'position': 0, 'permission_overwrites': [], 'parent_id': '765240780641665075', 'name': 'Allgemein', 'last_message_id': '765245628946055168', 'id': '765240780641665077'}, {'user_limit': 0, 'type': 2, 'position': 0, 'permission_overwrites': [], 'parent_id': '765240780641665076', 'name': 'Allgemein', 'id': '765240780641665078', 'bitrate': 64000}], 'mfa_level': 0, 'guild_hashes': {'version': 1, 'roles': {'omitted': False, 'hash': 'l86MumVrXw0'}, 'metadata': {'omitted': False, 'hash': 'RqAiXEO8UE4'}, 'channels': {'omitted': False, 'hash': 'A0Ev/ITE86U'}}, 'explicit_content_filter': 0, 'afk_timeout': 300, 'default_message_notifications': 0, 'public_updates_channel_id': None, 'id': '765240780641665074', 'system_channel_id': '765240780641665077'}}
2020-10-12 17:19:51,664:DEBUG:discord.client: Dispatching event socket_response
2020-10-12 17:19:51,665:DEBUG:discord.client: Dispatching event socket_raw_receive
2020-10-12 17:19:51,665:DEBUG:discord.gateway: For Shard ID None: WebSocket Event: {'t': 'GUILD_CREATE', 's': 3, 'op': 0, 'd': {'description': None, 'banner': None, 'discovery_splash': None, 'unavailable': False, 'verification_level': 0, 'lazy': True, 'large': False, 'splash': None, 'premium_subscription_count': 0, 'region': 'europe', 'rules_channel_id': None, 'application_id': None, 'max_video_channel_users': 25, 'premium_tier': 0, 'system_channel_flags': 0, 'max_members': 100000, 'roles': [{'position': 0, 'permissions_new': '104320577', 'permissions': 104320577, 'name': '@everyone', 'mentionable': False, 'managed': False, 'id': '765234309409406976', 'hoist': False, 'color': 0}, {'tags': {'bot_id': '765233309155328092'}, 'position': 1, 'permissions_new': '2146958847', 'permissions': 2146958847, 'name': 'pybot', 'mentionable': False, 'managed': True, 'id': '765234433409286157', 'hoist': False, 'color': 0}], 'features': [], 'joined_at': '2020-10-12T15:28:26.331000+00:00', 'name': 'Server von mectag', 'icon': None, 'emojis': [], 'owner_id': '215080717560971264', 'presences': [], 'vanity_url_code': None, 'members': [{'user': {'username': 'pybot', 'id': '765233309155328092', 'discriminator': '1126', 'bot': True, 'avatar': None}, 'roles': ['765234433409286157'], 'mute': False, 'joined_at': '2020-10-12T15:28:26.331000+00:00', 'hoisted_role': None, 'deaf': False}], 'afk_channel_id': None, 'voice_states': [], 'member_count': 2, 'preferred_locale': 'en-US', 'channels': [{'type': 4, 'position': 0, 'permission_overwrites': [], 'name': 'Textkan채le', 'id': '765234309409406977'}, {'type': 4, 'position': 0, 'permission_overwrites': [], 'name': 'Sprachkan채le', 'id': '765234309409406978'}, {'type': 0, 'topic': None, 'rate_limit_per_user': 0, 'position': 0, 'permission_overwrites': [], 'parent_id': '765234309409406977', 'name': 'Allgemein', 'last_message_id': '765261793747533824', 'id': '765234309409406979'}, {'user_limit': 0, 'type': 2, 'position': 0, 'permission_overwrites': [], 'parent_id': '765234309409406978', 'name': 'Allgemein', 'id': '765234309409406980', 'bitrate': 64000}], 'mfa_level': 0, 'guild_hashes': {'version': 1, 'roles': {'omitted': False, 'hash': 'DjwYDKiYFQY'}, 'metadata': {'omitted': False, 'hash': 'fjKcDzaY/70'}, 'channels': {'omitted': False, 'hash': 'JddXT9wRuMg'}}, 'explicit_content_filter': 0, 'afk_timeout': 300, 'default_message_notifications': 0, 'public_updates_channel_id': None, 'id': '765234309409406976', 'system_channel_id': '765234309409406979'}}
2020-10-12 17:19:51,665:DEBUG:discord.client: Dispatching event socket_response
2020-10-12 17:19:51,666:DEBUG:discord.client: Dispatching event guild_available
2020-10-12 17:19:51,666:DEBUG:discord.client: Dispatching event guild_available
2020-10-12 17:19:53,669:DEBUG:discord.client: Dispatching event ready
2020-10-12 17:19:53,738:DEBUG:discord.gateway: Sending "{"op":3,"d":{"game":{"type":0,"name":"on 2 servers | >help","timestamps":{}},"afk":false,"since":0.0,"status":"online"}}" to change status
2020-10-12 17:19:53,738:DEBUG:discord.client: Dispatching event socket_raw_send
2020-10-12 17:20:30,364:DEBUG:discord.client: Dispatching event socket_raw_receive
2020-10-12 17:20:30,365:DEBUG:discord.gateway: For Shard ID None: WebSocket Event: {'t': 'TYPING_START', 's': 4, 'op': 0, 'd': {'user_id': '215080717560971264', 'timestamp': 1602523230, 'member': {'user': {'username': 'mectag', 'public_flags': 256, 'id': '215080717560971264', 'discriminator': '7884', 'avatar': '4cb3b2830ab1727d8001d77b5d6d6379'}, 'roles': [], 'mute': False, 'joined_at': '2020-10-12T15:27:56.738000+00:00', 'hoisted_role': None, 'deaf': False}, 'channel_id': '765234309409406979', 'guild_id': '765234309409406976'}}
2020-10-12 17:20:30,365:DEBUG:discord.client: Dispatching event socket_response
2020-10-12 17:20:32,255:DEBUG:discord.client: Dispatching event socket_raw_receive
2020-10-12 17:20:32,255:DEBUG:discord.gateway: For Shard ID None: WebSocket Event: {'t': 'MESSAGE_CREATE', 's': 5, 'op': 0, 'd': {'type': 0, 'tts': False, 'timestamp': '2020-10-12T17:20:32.150000+00:00', 'referenced_message': None, 'pinned': False, 'nonce': '765262643735822336', 'mentions': [], 'mention_roles': [], 'mention_everyone': False, 'member': {'roles': [], 'mute': False, 'joined_at': '2020-10-12T15:27:56.738000+00:00', 'hoisted_role': None, 'deaf': False}, 'id': '765262643698335795', 'flags': 0, 'embeds': [], 'edited_timestamp': None, 'content': '>ping', 'channel_id': '765234309409406979', 'author': {'username': 'mectag', 'public_flags': 256, 'id': '215080717560971264', 'discriminator': '7884', 'avatar': '4cb3b2830ab1727d8001d77b5d6d6379'}, 'attachments': [], 'guild_id': '765234309409406976'}}
2020-10-12 17:20:32,256:DEBUG:discord.client: Dispatching event socket_response
2020-10-12 17:20:32,256:DEBUG:discord.client: Dispatching event message
2020-10-12 17:20:32,257:DEBUG:discord.client: Dispatching event command
2020-10-12 17:20:32,331:DEBUG:discord.client: Dispatching event socket_raw_receive
2020-10-12 17:20:32,333:DEBUG:discord.gateway: For Shard ID None: WebSocket Event: {'t': 'MESSAGE_CREATE', 's': 6, 'op': 0, 'd': {'type': 0, 'tts': False, 'timestamp': '2020-10-12T17:20:32.312000+00:00', 'referenced_message': None, 'pinned': False, 'mentions': [], 'mention_roles': [], 'mention_everyone': False, 'member': {'roles': ['765234433409286157'], 'mute': False, 'joined_at': '2020-10-12T15:28:26.331000+00:00', 'hoisted_role': None, 'deaf': False}, 'id': '765262644378468382', 'flags': 0, 'embeds': [], 'edited_timestamp': None, 'content': 'pong', 'channel_id': '765234309409406979', 'author': {'username': 'pybot', 'public_flags': 0, 'id': '765233309155328092', 'discriminator': '1126', 'bot': True, 'avatar': None}, 'attachments': [], 'guild_id': '765234309409406976'}}
2020-10-12 17:20:32,334:DEBUG:discord.client: Dispatching event socket_response
2020-10-12 17:20:32,334:DEBUG:discord.client: Dispatching event message
2020-10-12 17:20:32,343:DEBUG:discord.http: POST https://discord.com/api/v7/channels/765234309409406979/messages with {"content":"pong"} has returned 200
2020-10-12 17:20:32,344:DEBUG:discord.http: POST https://discord.com/api/v7/channels/765234309409406979/messages has received {'id': '765262644378468382', 'type': 0, 'content': 'pong', 'channel_id': '765234309409406979', 'author': {'id': '765233309155328092', 'username': 'pybot', 'avatar': None, 'discriminator': '1126', 'public_flags': 0, 'bot': True}, 'attachments': [], 'embeds': [], 'mentions': [], 'mention_roles': [], 'pinned': False, 'mention_everyone': False, 'tts': False, 'timestamp': '2020-10-12T17:20:32.312000+00:00', 'edited_timestamp': None, 'flags': 0, 'referenced_message': None}
2020-10-12 17:20:32,344:DEBUG:discord.client: Dispatching event command_completion
2020-10-12 17:20:32,816:DEBUG:discord.gateway: Keeping shard ID None websocket alive with sequence 6.
2020-10-12 17:20:32,834:DEBUG:discord.client: Dispatching event socket_raw_receive
2020-10-12 17:20:32,837:DEBUG:discord.gateway: For Shard ID None: WebSocket Event: {'t': None, 's': None, 'op': 11, 'd': None}
2020-10-12 17:20:32,838:DEBUG:discord.client: Dispatching event socket_response
2020-10-12 17:21:14,067:DEBUG:discord.gateway: Keeping shard ID None websocket alive with sequence 6.
2020-10-12 17:21:14,087:DEBUG:discord.client: Dispatching event socket_raw_receive
2020-10-12 17:21:14,087:DEBUG:discord.gateway: For Shard ID None: WebSocket Event: {'t': None, 's': None, 'op': 11, 'd': None}
2020-10-12 17:21:14,087:DEBUG:discord.client: Dispatching event socket_response
2020-10-12 17:21:18,780:DEBUG:discord.client: Dispatching event socket_raw_receive
2020-10-12 17:21:18,780:DEBUG:discord.gateway: For Shard ID None: WebSocket Event: {'t': 'TYPING_START', 's': 7, 'op': 0, 'd': {'user_id': '215080717560971264', 'timestamp': 1602523278, 'member': {'user': {'username': 'mectag', 'public_flags': 256, 'id': '215080717560971264', 'discriminator': '7884', 'avatar': '4cb3b2830ab1727d8001d77b5d6d6379'}, 'roles': [], 'mute': False, 'joined_at': '2020-10-12T15:27:56.738000+00:00', 'hoisted_role': None, 'deaf': False}, 'channel_id': '765234309409406979', 'guild_id': '765234309409406976'}}
2020-10-12 17:21:18,780:DEBUG:discord.client: Dispatching event socket_response
2020-10-12 17:21:20,312:DEBUG:discord.client: Dispatching event socket_raw_receive
2020-10-12 17:21:20,313:DEBUG:discord.gateway: For Shard ID None: WebSocket Event: {'t': 'MESSAGE_CREATE', 's': 8, 'op': 0, 'd': {'type': 0, 'tts': False, 'timestamp': '2020-10-12T17:21:20.191000+00:00', 'referenced_message': None, 'pinned': False, 'nonce': '765262845200826368', 'mentions': [], 'mention_roles': [], 'mention_everyone': False, 'member': {'roles': [], 'mute': False, 'joined_at': '2020-10-12T15:27:56.738000+00:00', 'hoisted_role': None, 'deaf': False}, 'id': '765262845196894220', 'flags': 0, 'embeds': [], 'edited_timestamp': None, 'content': '>random 1 100', 'channel_id': '765234309409406979', 'author': {'username': 'mectag', 'public_flags': 256, 'id': '215080717560971264', 'discriminator': '7884', 'avatar': '4cb3b2830ab1727d8001d77b5d6d6379'}, 'attachments': [], 'guild_id': '765234309409406976'}}
2020-10-12 17:21:20,313:DEBUG:discord.client: Dispatching event socket_response
2020-10-12 17:21:20,314:DEBUG:discord.client: Dispatching event message
2020-10-12 17:21:20,314:DEBUG:discord.client: Dispatching event command
2020-10-12 17:21:20,418:DEBUG:discord.client: Dispatching event socket_raw_receive
2020-10-12 17:21:20,418:DEBUG:discord.gateway: For Shard ID None: WebSocket Event: {'t': 'MESSAGE_CREATE', 's': 9, 'op': 0, 'd': {'type': 0, 'tts': False, 'timestamp': '2020-10-12T17:21:20.310000+00:00', 'referenced_message': None, 'pinned': False, 'mentions': [], 'mention_roles': [], 'mention_everyone': False, 'member': {'roles': ['765234433409286157'], 'mute': False, 'joined_at': '2020-10-12T15:28:26.331000+00:00', 'hoisted_role': None, 'deaf': False}, 'id': '765262845696278529', 'flags': 0, 'embeds': [], 'edited_timestamp': None, 'content': '54', 'channel_id': '765234309409406979', 'author': {'username': 'pybot', 'public_flags': 0, 'id': '765233309155328092', 'discriminator': '1126', 'bot': True, 'avatar': None}, 'attachments': [], 'guild_id': '765234309409406976'}}
2020-10-12 17:21:20,419:DEBUG:discord.client: Dispatching event socket_response
2020-10-12 17:21:20,419:DEBUG:discord.client: Dispatching event message
2020-10-12 17:21:20,431:DEBUG:discord.http: POST https://discord.com/api/v7/channels/765234309409406979/messages with {"content":"54"} has returned 200
2020-10-12 17:21:20,432:DEBUG:discord.http: POST https://discord.com/api/v7/channels/765234309409406979/messages has received {'id': '765262845696278529', 'type': 0, 'content': '54', 'channel_id': '765234309409406979', 'author': {'id': '765233309155328092', 'username': 'pybot', 'avatar': None, 'discriminator': '1126', 'public_flags': 0, 'bot': True}, 'attachments': [], 'embeds': [], 'mentions': [], 'mention_roles': [], 'pinned': False, 'mention_everyone': False, 'tts': False, 'timestamp': '2020-10-12T17:21:20.310000+00:00', 'edited_timestamp': None, 'flags': 0, 'referenced_message': None}
2020-10-12 17:21:20,432:DEBUG:discord.client: Dispatching event command_completion
2020-10-12 17:21:55,320:DEBUG:discord.gateway: Keeping shard ID None websocket alive with sequence 9.
2020-10-12 17:21:55,388:DEBUG:discord.client: Dispatching event socket_raw_receive
2020-10-12 17:21:55,391:DEBUG:discord.gateway: For Shard ID None: WebSocket Event: {'t': None, 's': None, 'op': 11, 'd': None}
2020-10-12 17:21:55,391:DEBUG:discord.client: Dispatching event socket_response
